sources type = path:
		 file: conf
		 granularity: PerOffset
max taint marks = 4096

dataflow :true
controlflow :false
id = 36
location type = instruction:
		 instruction ret
		 instruction jmp
cmovnbe rdx, rax unimplemented[cmovnbe rdx, rax]
movsxd rdi, dword ptr [rcx+r15*4] unimplemented[movsxd rdi, dword ptr [rcx+r15*4]]
movsxd rdi, dword ptr [rcx+r15*4] unimplemented[movsxd rdi, dword ptr [rcx+r15*4]]
cmovnb rdx, rcx unimplemented[cmovnb rdx, rcx]
cdqe  unimplemented[cdqe ]
movsxd rcx, dword ptr [rsi+rcx*4] unimplemented[movsxd rcx, dword ptr [rsi+rcx*4]]
movsxd rcx, dword ptr [rsi+rcx*4] unimplemented[movsxd rcx, dword ptr [rsi+rcx*4]]
syscall  unimplemented[syscall ]
cmovz rax, rdx unimplemented[cmovz rax, rdx]
cmovnz r15d, eax unimplemented[cmovnz r15d, eax]
cmovb eax, ecx unimplemented[cmovb eax, ecx]
cmovnz r9, rdx unimplemented[cmovnz r9, rdx]
syscall  unimplemented[syscall ]
movsxd rdi, esi unimplemented[movsxd rdi, esi]
movsxd r9, r9d unimplemented[movsxd r9, r9d]
movsxd r9, r9d unimplemented[movsxd r9, r9d]
movsxd rsi, esi unimplemented[movsxd rsi, esi]
movsxd r9, r9d unimplemented[movsxd r9, r9d]
movsxd rsi, esi unimplemented[movsxd rsi, esi]
movsxd rdi, edi unimplemented[movsxd rdi, edi]
syscall  unimplemented[syscall ]
cmovz rdx, qword ptr [rip+0x20d8fa] unimplemented[cmovz rdx, qword ptr [rip+0x20d8fa]]
pxor xmm0, xmm0 unimplemented[pxor xmm0, xmm0]
cmovnbe rcx, rbx unimplemented[cmovnbe rcx, rbx]
cmovnbe rcx, rbx unimplemented[cmovnbe rcx, rbx]
movd xmm1, esi unimplemented[movd xmm1, esi]
punpcklbw xmm1, xmm1 unimplemented[punpcklbw xmm1, xmm1]
pxor xmm2, xmm2 unimplemented[pxor xmm2, xmm2]
punpcklbw xmm1, xmm1 unimplemented[punpcklbw xmm1, xmm1]
movdqa xmm0, xmmword ptr [rdi] unimplemented[movdqa xmm0, xmmword ptr [rdi]]
pshufd xmm1, xmm1, 0x0 unimplemented[pshufd xmm1, xmm1, 0x0]
movdqa xmm3, xmm0 unimplemented[movdqa xmm3, xmm0]
pcmpeqb xmm0, xmm1 unimplemented[pcmpeqb xmm0, xmm1]
pcmpeqb xmm3, xmm2 unimplemented[pcmpeqb xmm3, xmm2]
pmovmskb edx, xmm0 unimplemented[pmovmskb edx, xmm0]
pmovmskb ecx, xmm3 unimplemented[pmovmskb ecx, xmm3]
movdqa xmm0, xmmword ptr [rdi] unimplemented[movdqa xmm0, xmmword ptr [rdi]]
movdqa xmm3, xmm0 unimplemented[movdqa xmm3, xmm0]
pcmpeqb xmm0, xmm1 unimplemented[pcmpeqb xmm0, xmm1]
pcmpeqb xmm3, xmm2 unimplemented[pcmpeqb xmm3, xmm2]
pmovmskb edx, xmm0 unimplemented[pmovmskb edx, xmm0]
pmovmskb ecx, xmm3 unimplemented[pmovmskb ecx, xmm3]
cmovnz edx, esi unimplemented[cmovnz edx, esi]
cmovz rdi, rax unimplemented[cmovz rdi, rax]
cmovnz rax, r12 unimplemented[cmovnz rax, r12]
cmovz rax, qword ptr [rip+0x21a8de] unimplemented[cmovz rax, qword ptr [rip+0x21a8de]]
syscall  unimplemented[syscall ]
movsxd rdi, eax unimplemented[movsxd rdi, eax]
syscall  unimplemented[syscall ]
syscall  unimplemented[syscall ]
movsxd r12, r13d unimplemented[movsxd r12, r13d]
movsxd rax, r13d unimplemented[movsxd rax, r13d]
movsxd rax, r13d unimplemented[movsxd rax, r13d]
movsxd rdx, edx unimplemented[movsxd rdx, edx]
movsxd r12, r13d unimplemented[movsxd r12, r13d]
movsxd rdx, edx unimplemented[movsxd rdx, edx]
movsxd r12, r13d unimplemented[movsxd r12, r13d]
syscall  unimplemented[syscall ]
cmovnz r12, rax unimplemented[cmovnz r12, rax]
cmovz rdx, rax unimplemented[cmovz rdx, rax]
cmovz rdx, rax unimplemented[cmovz rdx, rax]
cmovnz ecx, edi unimplemented[cmovnz ecx, edi]
syscall  unimplemented[syscall ]
cmovbe r10, rax unimplemented[cmovbe r10, rax]
movdqa xmm0, xmmword ptr [rbp-0xc0] unimplemented[movdqa xmm0, xmmword ptr [rbp-0xc0]]
cmovnz rax, rbx unimplemented[cmovnz rax, rbx]
movdqa xmm0, xmmword ptr [rbp-0xc0] unimplemented[movdqa xmm0, xmmword ptr [rbp-0xc0]]
cmovnz rax, rbx unimplemented[cmovnz rax, rbx]
cmovb r14d, eax unimplemented[cmovb r14d, eax]
cmovb r14d, eax unimplemented[cmovb r14d, eax]
cmovb r14d, eax unimplemented[cmovb r14d, eax]
movsxd rsi, esi unimplemented[movsxd rsi, esi]
movsxd rcx, esi unimplemented[movsxd rcx, esi]
movsxd rsi, esi unimplemented[movsxd rsi, esi]
movsxd rsi, esi unimplemented[movsxd rsi, esi]
cmovb r11, rcx unimplemented[cmovb r11, rcx]
cmovb r11, rcx unimplemented[cmovb r11, rcx]
rep stosq qword ptr [rdi] unimplemented[rep stosq qword ptr [rdi]]
rep stosq qword ptr [rdi] unimplemented[rep stosq qword ptr [rdi]]
syscall  unimplemented[syscall ]
movsxd rax, dword ptr [rip+0x21ec50] unimplemented[movsxd rax, dword ptr [rip+0x21ec50]]
cmovnz r12d, dword ptr [rbp-0x94] unimplemented[cmovnz r12d, dword ptr [rbp-0x94]]
rep stosq qword ptr [rdi] unimplemented[rep stosq qword ptr [rdi]]
rep stosq qword ptr [rdi] unimplemented[rep stosq qword ptr [rdi]]
cmovbe rax, rdx unimplemented[cmovbe rax, rdx]
cmovz r8, rax unimplemented[cmovz r8, rax]
cmovz r8, rax unimplemented[cmovz r8, rax]
movsxd rax, dword ptr [rcx+r14*4] unimplemented[movsxd rax, dword ptr [rcx+r14*4]]
xgetbv  unimplemented[xgetbv ]
cmovz rax, rdx unimplemented[cmovz rax, rdx]
cmovz rax, rdx unimplemented[cmovz rax, rdx]
cmovb r12, rdx unimplemented[cmovb r12, rdx]
syscall  unimplemented[syscall ]
rep stosq qword ptr [rdi] unimplemented[rep stosq qword ptr [rdi]]
cmovz r8, rax unimplemented[cmovz r8, rax]
syscall  unimplemented[syscall ]
xgetbv  unimplemented[xgetbv ]
cmovz rax, qword ptr [rip+0x3977a0] unimplemented[cmovz rax, qword ptr [rip+0x3977a0]]
cmovnz rdx, rax unimplemented[cmovnz rdx, rax]
movd xmm1, esi unimplemented[movd xmm1, esi]
punpcklbw xmm1, xmm1 unimplemented[punpcklbw xmm1, xmm1]
pxor xmm2, xmm2 unimplemented[pxor xmm2, xmm2]
punpcklbw xmm1, xmm1 unimplemented[punpcklbw xmm1, xmm1]
movdqa xmm0, xmmword ptr [rdi] unimplemented[movdqa xmm0, xmmword ptr [rdi]]
pshufd xmm1, xmm1, 0x0 unimplemented[pshufd xmm1, xmm1, 0x0]
movdqa xmm3, xmm0 unimplemented[movdqa xmm3, xmm0]
pcmpeqb xmm0, xmm1 unimplemented[pcmpeqb xmm0, xmm1]
pcmpeqb xmm3, xmm2 unimplemented[pcmpeqb xmm3, xmm2]
pmovmskb edx, xmm0 unimplemented[pmovmskb edx, xmm0]
pmovmskb ecx, xmm3 unimplemented[pmovmskb ecx, xmm3]
movdqa xmm0, xmmword ptr [rdi] unimplemented[movdqa xmm0, xmmword ptr [rdi]]
movdqa xmm3, xmm0 unimplemented[movdqa xmm3, xmm0]
pcmpeqb xmm0, xmm1 unimplemented[pcmpeqb xmm0, xmm1]
pcmpeqb xmm3, xmm2 unimplemented[pcmpeqb xmm3, xmm2]
pmovmskb edx, xmm0 unimplemented[pmovmskb edx, xmm0]
pmovmskb ecx, xmm3 unimplemented[pmovmskb ecx, xmm3]
movdqa xmm0, xmmword ptr [rdi] unimplemented[movdqa xmm0, xmmword ptr [rdi]]
movdqa xmm3, xmm0 unimplemented[movdqa xmm3, xmm0]
pcmpeqb xmm0, xmm1 unimplemented[pcmpeqb xmm0, xmm1]
pcmpeqb xmm3, xmm2 unimplemented[pcmpeqb xmm3, xmm2]
pmovmskb edx, xmm0 unimplemented[pmovmskb edx, xmm0]
pmovmskb ecx, xmm3 unimplemented[pmovmskb ecx, xmm3]
cmovnz rbx, rdx unimplemented[cmovnz rbx, rdx]
cmovz r8, rcx unimplemented[cmovz r8, rcx]
movsxd rbp, dword ptr [rdx] unimplemented[movsxd rbp, dword ptr [rdx]]
movaps xmmword ptr [rsp+0x50], xmm0 unimplemented[movaps xmmword ptr [rsp+0x50], xmm0]
movaps xmmword ptr [rsp+0x60], xmm1 unimplemented[movaps xmmword ptr [rsp+0x60], xmm1]
movaps xmmword ptr [rsp+0x70], xmm2 unimplemented[movaps xmmword ptr [rsp+0x70], xmm2]
movaps xmmword ptr [rsp+0x80], xmm3 unimplemented[movaps xmmword ptr [rsp+0x80], xmm3]
movaps xmmword ptr [rsp+0x90], xmm4 unimplemented[movaps xmmword ptr [rsp+0x90], xmm4]
movaps xmmword ptr [rsp+0xa0], xmm5 unimplemented[movaps xmmword ptr [rsp+0xa0], xmm5]
movaps xmmword ptr [rsp+0xb0], xmm6 unimplemented[movaps xmmword ptr [rsp+0xb0], xmm6]
movaps xmmword ptr [rsp+0xc0], xmm7 unimplemented[movaps xmmword ptr [rsp+0xc0], xmm7]
movd xmm1, esi unimplemented[movd xmm1, esi]
punpcklbw xmm1, xmm1 unimplemented[punpcklbw xmm1, xmm1]
pxor xmm2, xmm2 unimplemented[pxor xmm2, xmm2]
punpcklbw xmm1, xmm1 unimplemented[punpcklbw xmm1, xmm1]
movdqa xmm0, xmmword ptr [rdi] unimplemented[movdqa xmm0, xmmword ptr [rdi]]
pshufd xmm1, xmm1, 0x0 unimplemented[pshufd xmm1, xmm1, 0x0]
movdqa xmm3, xmm0 unimplemented[movdqa xmm3, xmm0]
pcmpeqb xmm0, xmm1 unimplemented[pcmpeqb xmm0, xmm1]
pcmpeqb xmm3, xmm2 unimplemented[pcmpeqb xmm3, xmm2]
pmovmskb edx, xmm0 unimplemented[pmovmskb edx, xmm0]
pmovmskb ecx, xmm3 unimplemented[pmovmskb ecx, xmm3]
movdqa xmm0, xmmword ptr [rdi] unimplemented[movdqa xmm0, xmmword ptr [rdi]]
movdqa xmm3, xmm0 unimplemented[movdqa xmm3, xmm0]
pcmpeqb xmm0, xmm1 unimplemented[pcmpeqb xmm0, xmm1]
pcmpeqb xmm3, xmm2 unimplemented[pcmpeqb xmm3, xmm2]
pmovmskb edx, xmm0 unimplemented[pmovmskb edx, xmm0]
pmovmskb ecx, xmm3 unimplemented[pmovmskb ecx, xmm3]
movsxd rdi, eax unimplemented[movsxd rdi, eax]
syscall  unimplemented[syscall ]
syscall  unimplemented[syscall ]
cmovz edx, eax unimplemented[cmovz edx, eax]
cmovz edx, eax unimplemented[cmovz edx, eax]
cmovbe r13, rbx unimplemented[cmovbe r13, rbx]
cmovbe r13, rbx unimplemented[cmovbe r13, rbx]
cdqe  unimplemented[cdqe ]
movsxd rax, dword ptr [rax+rdx*4] unimplemented[movsxd rax, dword ptr [rax+rdx*4]]
cmovz r8, rax unimplemented[cmovz r8, rax]
movsxd rax, dword ptr [rbp-0x5a0] unimplemented[movsxd rax, dword ptr [rbp-0x5a0]]
cmovs rax, rdx unimplemented[cmovs rax, rdx]
cmovs rax, rdx unimplemented[cmovs rax, rdx]
cmovz edx, eax unimplemented[cmovz edx, eax]
movsxd rdx, edx unimplemented[movsxd rdx, edx]
movsxd rdx, edx unimplemented[movsxd rdx, edx]
cmovbe r13, rax unimplemented[cmovbe r13, rax]
movsxd rax, r14d unimplemented[movsxd rax, r14d]
movsxd rax, r14d unimplemented[movsxd rax, r14d]
cdqe  unimplemented[cdqe ]
movsxd rax, dword ptr [rax+rdx*4] unimplemented[movsxd rax, dword ptr [rax+rdx*4]]
cmovbe r13, rax unimplemented[cmovbe r13, rax]
syscall  unimplemented[syscall ]
movaps xmmword ptr [rsp+0x50], xmm0 unimplemented[movaps xmmword ptr [rsp+0x50], xmm0]
movaps xmmword ptr [rsp+0x60], xmm1 unimplemented[movaps xmmword ptr [rsp+0x60], xmm1]
movaps xmmword ptr [rsp+0x70], xmm2 unimplemented[movaps xmmword ptr [rsp+0x70], xmm2]
movaps xmmword ptr [rsp+0x80], xmm3 unimplemented[movaps xmmword ptr [rsp+0x80], xmm3]
movaps xmmword ptr [rsp+0x90], xmm4 unimplemented[movaps xmmword ptr [rsp+0x90], xmm4]
movaps xmmword ptr [rsp+0xa0], xmm5 unimplemented[movaps xmmword ptr [rsp+0xa0], xmm5]
movaps xmmword ptr [rsp+0xb0], xmm6 unimplemented[movaps xmmword ptr [rsp+0xb0], xmm6]
movaps xmmword ptr [rsp+0xc0], xmm7 unimplemented[movaps xmmword ptr [rsp+0xc0], xmm7]
movsxd rax, dword ptr [rax] unimplemented[movsxd rax, dword ptr [rax]]
cmovnb rbp, rdx unimplemented[cmovnb rbp, rdx]
cmovz rdx, rcx unimplemented[cmovz rdx, rcx]
syscall  unimplemented[syscall ]
cmovs rbx, rax unimplemented[cmovs rbx, rax]
cmovz rax, rdx unimplemented[cmovz rax, rdx]
syscall  unimplemented[syscall ]
cmovnle rdx, rcx unimplemented[cmovnle rdx, rcx]
rep stosq qword ptr [rdi] unimplemented[rep stosq qword ptr [rdi]]
rep stosq qword ptr [rdi] unimplemented[rep stosq qword ptr [rdi]]
syscall  unimplemented[syscall ]
pathSourceReadCallbackPerOffset:conf,46
pathSourceReadCallbackPerOffset:conf,0
syscall  unimplemented[syscall ]
syscall  unimplemented[syscall ]
cmovz r12d, ebp unimplemented[cmovz r12d, ebp]
rep stosq qword ptr [rdi] unimplemented[rep stosq qword ptr [rdi]]
rep stosq qword ptr [rdi] unimplemented[rep stosq qword ptr [rdi]]
cmovz rdx, rax unimplemented[cmovz rdx, rax]
cmovnz rdx, rcx unimplemented[cmovnz rdx, rcx]
cmovnz rdx, rcx unimplemented[cmovnz rdx, rcx]
rep stosq qword ptr [rdi] unimplemented[rep stosq qword ptr [rdi]]
cmovnz rdx, rcx unimplemented[cmovnz rdx, rcx]
movsxd rcx, ecx unimplemented[movsxd rcx, ecx]
movsxd r11, edx unimplemented[movsxd r11, edx]
cmovz rax, rdi unimplemented[cmovz rax, rdi]
pxor xmm0, xmm0 unimplemented[pxor xmm0, xmm0]
pxor xmm1, xmm1 unimplemented[pxor xmm1, xmm1]
pcmpeqb xmm1, xmmword ptr [rsi] unimplemented[pcmpeqb xmm1, xmmword ptr [rsi]]
pmovmskb edx, xmm1 unimplemented[pmovmskb edx, xmm1]
pcmpeqb xmm0, xmmword ptr [rsi+0x10] unimplemented[pcmpeqb xmm0, xmmword ptr [rsi+0x10]]
pmovmskb edx, xmm0 unimplemented[pmovmskb edx, xmm0]
movsxd rcx, dword ptr [r11+rdx*4] unimplemented[movsxd rcx, dword ptr [r11+rdx*4]]
pxor xmm0, xmm0 unimplemented[pxor xmm0, xmm0]
pxor xmm1, xmm1 unimplemented[pxor xmm1, xmm1]
pcmpeqb xmm1, xmmword ptr [rsi] unimplemented[pcmpeqb xmm1, xmmword ptr [rsi]]
pmovmskb edx, xmm1 unimplemented[pmovmskb edx, xmm1]
pcmpeqb xmm0, xmmword ptr [rsi+0x10] unimplemented[pcmpeqb xmm0, xmmword ptr [rsi+0x10]]
pmovmskb edx, xmm0 unimplemented[pmovmskb edx, xmm0]
pxor xmm0, xmm0 unimplemented[pxor xmm0, xmm0]
pcmpeqb xmm0, xmm1 unimplemented[pcmpeqb xmm0, xmm1]
pmovmskb edx, xmm0 unimplemented[pmovmskb edx, xmm0]
pcmpeqb xmm0, xmm2 unimplemented[pcmpeqb xmm0, xmm2]
pmovmskb edx, xmm0 unimplemented[pmovmskb edx, xmm0]
movsxd rcx, dword ptr [r11+rdx*4] unimplemented[movsxd rcx, dword ptr [r11+rdx*4]]
movsxd rax, r14d unimplemented[movsxd rax, r14d]
