Tainted from argc
2 ->7fe0bc9b4e50-7fe0bc9b4e53
Tainted from argv0
3 ->7fffcca96588-7fffcca9659b
Tainted from file conf
5 - conf[0] -> 7fe0a5c74005: 32 '2'
6 - conf[1] -> 7fe0a5c7400c: 63 'c'
6 - conf[2] -> 7fe0a5c7400d: 3a ':'
6 - conf[3] -> 7fe0a5c7400e: 5c '\'
7 - conf[4] -> 7fe0a5c7401a: 69 'i'
7 - conf[5] -> 7fe0a5c7401b: 6e 'n'
7 - conf[6] -> 7fe0a5c7401c: 70 'p'
7 - conf[7] -> 7fe0a5c7401d: 75 'u'
7 - conf[8] -> 7fe0a5c7401e: 74 't'
7 - conf[9] -> 7fe0a5c7401f: 2e '.'
7 - conf[10] -> 7fe0a5c74020: 64 'd'
7 - conf[11] -> 7fe0a5c74021: 61 'a'
7 - conf[12] -> 7fe0a5c74022: 74 't'
8 - conf[13] -> 7fe0a5c7402a: 33 '3'
All tainted memory addresses:
	602084 - [6]
	602085 - [6]
	602086 - [6]
	602087 - [6]
	602184 - [7]
	602185 - [7]
	602186 - [7]
	602187 - [7]
	602188 - [7]
	602189 - [7]
	60218a - [7]
	60218b - [7]
	60218c - [7]
	60218d - [7]
	60218e - [7]
	7fe0a5c74005 - [5]
	7fe0a5c7400c - [6]
	7fe0a5c7400d - [6]
	7fe0a5c7400e - [6]
	7fe0a5c7401a - [7]
	7fe0a5c7401b - [7]
	7fe0a5c7401c - [7]
	7fe0a5c7401d - [7]
	7fe0a5c7401e - [7]
	7fe0a5c7401f - [7]
	7fe0a5c74020 - [7]
	7fe0a5c74021 - [7]
	7fe0a5c74022 - [7]
	7fe0a5c7402a - [8]
	7fe0bc9b4e50 - [2]
	7fe0bc9b4e51 - [2]
	7fe0bc9b4e52 - [2]
	7fe0bc9b4e53 - [2]
	7fffcca96380 - [4]
	7fffcca96381 - [4]
	7fffcca96382 - [4]
	7fffcca96383 - [4]
	7fffcca96384 - [4]
	7fffcca96385 - [4]
	7fffcca96386 - [4]
	7fffcca96387 - [4]
	7fffcca96388 - [4]
	7fffcca96389 - [4]
	7fffcca9638a - [4]
	7fffcca9638b - [4]
	7fffcca96390 - [5]
	7fffcca96391 - [5]
	7fffcca96392 - [5]
	7fffcca96393 - [5]
	7fffcca96395 - [5]
	7fffcca96396 - [5]
	7fffcca96398 - [6]
	7fffcca96399 - [6]
	7fffcca9639a - [6]
	7fffcca9639c - [6]
	7fffcca9639d - [6]
	7fffcca9639e - [6]
	7fffcca9639f - [6]
	7fffcca963a8 - [7]
	7fffcca963aa - [7]
	7fffcca963ab - [7]
	7fffcca963ac - [7]
	7fffcca963ad - [7]
	7fffcca963ae - [7]
	7fffcca963af - [7]
	7fffcca963b0 - [7]
	7fffcca963b1 - [7]
	7fffcca963b2 - [7]
	7fffcca963b3 - [7]
	7fffcca963b5 - [8]
	7fffcca963b6 - [8]
	7fffcca963b7 - [8]
	7fffcca963b8 - [8]
	7fffcca963ba - [8]
	7fffcca963bb - [8]
	7fffcca96588 - [3]
	7fffcca96589 - [3]
	7fffcca9658a - [3]
	7fffcca9658b - [3]
	7fffcca9658c - [3]
	7fffcca9658d - [3]
	7fffcca9658e - [3]
	7fffcca9658f - [3]
	7fffcca96590 - [3]
	7fffcca96591 - [3]
	7fffcca96592 - [3]
	7fffcca96593 - [3]
	7fffcca96594 - [3]
	7fffcca96595 - [3]
	7fffcca96596 - [3]
	7fffcca96597 - [3]
	7fffcca96598 - [3]
	7fffcca96599 - [3]
	7fffcca9659a - [3]
	7fffcca9659b - [3]
